TN:
SF:src/server.js
FN:14,(anonymous_0)
FNF:1
FNH:1
FNDA:5,(anonymous_0)
DA:1,5
DA:11,5
DA:14,5
DA:15,5
DA:16,5
DA:17,3
DA:19,2
DA:20,2
DA:24,5
LF:9
LH:9
BRF:0
BRH:0
end_of_record
TN:
SF:src/routes/employee/index.js
FN:46,(anonymous_0)
FN:48,(anonymous_1)
FN:59,(anonymous_2)
FN:67,(anonymous_3)
FN:91,(anonymous_4)
FN:98,(anonymous_5)
FN:131,(anonymous_6)
FN:141,(anonymous_7)
FN:156,(anonymous_8)
FN:163,(anonymous_9)
FNF:10
FNH:10
FNDA:58,(anonymous_0)
FNDA:10,(anonymous_1)
FNDA:13,(anonymous_2)
FNDA:10,(anonymous_3)
FNDA:30,(anonymous_4)
FNDA:1,(anonymous_5)
FNDA:7,(anonymous_6)
FNDA:7,(anonymous_7)
FNDA:8,(anonymous_8)
FNDA:10,(anonymous_9)
DA:1,6
DA:2,6
DA:5,6
DA:24,6
DA:46,6
DA:48,58
DA:49,10
DA:50,10
DA:59,58
DA:60,13
DA:62,13
DA:63,2
DA:65,11
DA:66,11
DA:67,11
DA:68,11
DA:69,4
DA:71,7
DA:79,58
DA:92,30
DA:95,30
DA:96,3
DA:97,3
DA:98,3
DA:99,3
DA:100,1
DA:103,27
DA:104,27
DA:107,29
DA:108,29
DA:109,29
DA:110,29
DA:111,29
DA:119,58
DA:132,7
DA:133,7
DA:135,7
DA:136,1
DA:139,6
DA:140,6
DA:141,7
DA:142,6
DA:143,1
DA:146,5
DA:147,5
DA:148,5
DA:156,58
DA:157,8
DA:158,8
DA:159,1
DA:161,7
DA:162,7
DA:163,10
DA:164,7
DA:165,1
DA:167,6
DA:168,6
DA:169,6
DA:176,58
LF:59
LH:59
BRDA:62,0,0,2
BRDA:62,0,1,11
BRDA:68,1,0,4
BRDA:68,1,1,7
BRDA:95,2,0,3
BRDA:95,2,1,27
BRDA:99,3,0,1
BRDA:99,3,1,2
BRDA:135,4,0,1
BRDA:135,4,1,6
BRDA:142,5,0,1
BRDA:142,5,1,5
BRDA:158,6,0,1
BRDA:158,6,1,7
BRDA:164,7,0,1
BRDA:164,7,1,6
BRF:16
BRH:16
end_of_record
TN:
SF:src/routes/employee/state.js
FN:6,(anonymous_0)
FN:7,(anonymous_1)
FN:8,(anonymous_2)
FN:9,(anonymous_3)
FN:10,(anonymous_4)
FNF:5
FNH:5
FNDA:66,(anonymous_0)
FNDA:40,(anonymous_1)
FNDA:27,(anonymous_2)
FNDA:27,(anonymous_3)
FNDA:48,(anonymous_4)
DA:2,6
DA:3,6
DA:5,6
DA:6,66
DA:7,40
DA:8,27
DA:9,27
DA:11,48
DA:12,48
LF:9
LH:9
BRF:0
BRH:0
end_of_record
TN:
SF:src/schemas/employee.schema.js
FNF:0
FNH:0
DA:1,6
DA:23,6
LF:2
LH:2
BRF:0
BRH:0
end_of_record
