TN:
SF:src/server.js
FN:7,(anonymous_0)
FNF:1
FNH:1
FNDA:5,(anonymous_0)
DA:1,5
DA:4,5
DA:7,5
DA:8,5
DA:9,5
DA:10,3
DA:12,2
DA:13,2
DA:17,5
LF:9
LH:9
BRF:0
BRH:0
end_of_record
TN:
SF:src/routes/employee/index.js
FN:3,(anonymous_0)
FN:5,(anonymous_1)
FN:16,(anonymous_2)
FN:24,(anonymous_3)
FN:36,(anonymous_4)
FN:51,(anonymous_5)
FN:71,(anonymous_6)
FN:85,(anonymous_7)
FN:99,(anonymous_8)
FN:106,(anonymous_9)
FNF:10
FNH:10
FNDA:56,(anonymous_0)
FNDA:10,(anonymous_1)
FNDA:13,(anonymous_2)
FNDA:10,(anonymous_3)
FNDA:41,(anonymous_4)
FNDA:1,(anonymous_5)
FNDA:13,(anonymous_6)
FNDA:7,(anonymous_7)
FNDA:8,(anonymous_8)
FNDA:10,(anonymous_9)
DA:1,6
DA:3,6
DA:5,56
DA:6,10
DA:7,10
DA:16,56
DA:17,13
DA:19,13
DA:20,2
DA:22,11
DA:23,11
DA:24,11
DA:25,11
DA:26,4
DA:28,7
DA:36,56
DA:37,41
DA:38,41
DA:39,4
DA:41,37
DA:42,4
DA:45,33
DA:46,7
DA:47,4
DA:49,3
DA:50,3
DA:51,3
DA:52,3
DA:53,1
DA:56,26
DA:57,26
DA:59,28
DA:60,28
DA:61,28
DA:62,28
DA:63,28
DA:71,56
DA:72,13
DA:73,13
DA:74,13
DA:75,1
DA:77,12
DA:78,12
DA:79,2
DA:81,10
DA:82,4
DA:84,6
DA:85,7
DA:86,6
DA:87,1
DA:89,5
DA:90,5
DA:91,5
DA:99,56
DA:100,8
DA:101,8
DA:102,1
DA:104,7
DA:105,7
DA:106,10
DA:107,7
DA:108,1
DA:110,6
DA:111,6
DA:112,6
DA:119,56
LF:66
LH:66
BRDA:19,0,0,2
BRDA:19,0,1,11
BRDA:25,1,0,4
BRDA:25,1,1,7
BRDA:38,2,0,4
BRDA:38,2,1,37
BRDA:38,3,0,41
BRDA:38,3,1,38
BRDA:41,4,0,4
BRDA:41,4,1,33
BRDA:41,5,0,37
BRDA:41,5,1,36
BRDA:41,5,2,34
BRDA:45,6,0,7
BRDA:45,6,1,26
BRDA:46,7,0,4
BRDA:46,7,1,3
BRDA:46,8,0,7
BRDA:46,8,1,6
BRDA:46,8,2,4
BRDA:52,9,0,1
BRDA:52,9,1,2
BRDA:74,10,0,1
BRDA:74,10,1,12
BRDA:78,11,0,2
BRDA:78,11,1,10
BRDA:78,12,0,12
BRDA:78,12,1,11
BRDA:81,13,0,4
BRDA:81,13,1,6
BRDA:81,14,0,10
BRDA:81,14,1,9
BRDA:81,14,2,7
BRDA:86,15,0,1
BRDA:86,15,1,5
BRDA:101,16,0,1
BRDA:101,16,1,7
BRDA:107,17,0,1
BRDA:107,17,1,6
BRF:39
BRH:39
end_of_record
TN:
SF:src/routes/employee/state.js
FN:6,(anonymous_0)
FN:7,(anonymous_1)
FN:8,(anonymous_2)
FN:9,(anonymous_3)
FN:10,(anonymous_4)
FNF:5
FNH:5
FNDA:65,(anonymous_0)
FNDA:39,(anonymous_1)
FNDA:26,(anonymous_2)
FNDA:26,(anonymous_3)
FNDA:46,(anonymous_4)
DA:2,6
DA:3,6
DA:5,6
DA:6,65
DA:7,39
DA:8,26
DA:9,26
DA:11,46
DA:12,46
LF:9
LH:9
BRF:0
BRH:0
end_of_record
